2023/03/09 17:37:07 [notice] 16#16: using the "epoll" event method
2023/03/09 17:37:07 [notice] 16#16: nginx/1.21.6
2023/03/09 17:37:07 [notice] 16#16: built by gcc 10.2.1 20210110 (Debian 10.2.1-6) 
2023/03/09 17:37:07 [notice] 16#16: OS: Linux 5.10.16.3-microsoft-standard-WSL2
2023/03/09 17:37:07 [notice] 16#16: getrlimit(RLIMIT_NOFILE): 1048576:1048576
2023/03/09 17:37:07 [notice] 16#16: start worker processes
2023/03/09 17:37:07 [notice] 16#16: start worker process 17
2023/03/09 17:37:07 [notice] 16#16: start worker process 18
2023/03/09 17:37:07 [notice] 16#16: start worker process 19
2023/03/09 17:37:07 [notice] 16#16: start worker process 20
2023/03/09 17:37:07 [notice] 16#16: start worker process 21
2023/03/09 17:37:07 [notice] 16#16: start worker process 22
2023/03/09 17:37:07 [notice] 16#16: start worker process 23
2023/03/09 17:37:07 [notice] 16#16: start worker process 24
2023/03/09 17:37:07 [notice] 16#16: start worker process 25
2023/03/09 17:37:07 [notice] 16#16: start worker process 26
2023/03/09 17:37:07 [notice] 16#16: start worker process 27
2023/03/09 17:37:07 [notice] 16#16: start worker process 28
2023/03/09 17:37:07 [notice] 16#16: start worker process 29
2023/03/09 17:37:07 [notice] 16#16: start worker process 30
2023/03/09 17:37:07 [notice] 16#16: start worker process 31
2023/03/09 17:37:07 [notice] 16#16: start worker process 32
2023/03/09 17:52:27 [notice] 16#16: using the "epoll" event method
2023/03/09 17:52:27 [notice] 16#16: nginx/1.21.6
2023/03/09 17:52:27 [notice] 16#16: built by gcc 10.2.1 20210110 (Debian 10.2.1-6) 
2023/03/09 17:52:27 [notice] 16#16: OS: Linux 5.10.16.3-microsoft-standard-WSL2
2023/03/09 17:52:27 [notice] 16#16: getrlimit(RLIMIT_NOFILE): 1048576:1048576
2023/03/09 17:52:27 [notice] 16#16: start worker processes
2023/03/09 17:52:27 [notice] 16#16: start worker process 17
2023/03/09 17:52:27 [notice] 16#16: start worker process 18
2023/03/09 17:52:27 [notice] 16#16: start worker process 19
2023/03/09 17:52:27 [notice] 16#16: start worker process 20
2023/03/09 17:52:27 [notice] 16#16: start worker process 21
2023/03/09 17:52:27 [notice] 16#16: start worker process 22
2023/03/09 17:52:27 [notice] 16#16: start worker process 23
2023/03/09 17:52:27 [notice] 16#16: start worker process 24
2023/03/09 17:52:27 [notice] 16#16: start worker process 25
2023/03/09 17:52:27 [notice] 16#16: start worker process 26
2023/03/09 17:52:27 [notice] 16#16: start worker process 27
2023/03/09 17:52:27 [notice] 16#16: start worker process 28
2023/03/09 17:52:27 [notice] 16#16: start worker process 29
2023/03/09 17:52:27 [notice] 16#16: start worker process 30
2023/03/09 17:52:27 [notice] 16#16: start worker process 31
2023/03/09 17:52:27 [notice] 16#16: start worker process 32
